<?xml version="1.0" encoding="UTF-8"?>
<!-- Generated by org.testng.reporters.JUnitXMLReporter -->
<testsuite hostname="DESKTOP-Q8RNTEC" ignored="21" name="Test" tests="2" failures="0" timestamp="09 May 2020 06:11:42 GMT" time="21.386" errors="0">
  <testcase name="TC01" time="10.584" classname="myFirstTest.LoginPage"/>
  <testcase name="TC14" time="4.597" classname="myFirstTest.LoginPage"/>
  <testcase name="TC17" time="0.0" classname="myFirstTest.LoginPage">
    <ignored/>
  </testcase> <!-- TC17 -->
  <testcase name="TC06" time="0.0" classname="myFirstTest.LoginPage">
    <ignored/>
  </testcase> <!-- TC06 -->
  <testcase name="TC07" time="0.0" classname="myFirstTest.LoginPage">
    <ignored/>
  </testcase> <!-- TC07 -->
  <testcase name="TC15" time="0.0" classname="myFirstTest.LoginPage">
    <ignored/>
  </testcase> <!-- TC15 -->
  <testcase name="TC04" time="0.0" classname="myFirstTest.LoginPage">
    <ignored/>
  </testcase> <!-- TC04 -->
  <testcase name="TC16" time="0.0" classname="myFirstTest.LoginPage">
    <ignored/>
  </testcase> <!-- TC16 -->
  <testcase name="TC05" time="0.0" classname="myFirstTest.LoginPage">
    <ignored/>
  </testcase> <!-- TC05 -->
  <testcase name="TC24" time="0.0" classname="myFirstTest.LoginPage">
    <ignored/>
  </testcase> <!-- TC24 -->
  <testcase name="TC02" time="0.0" classname="myFirstTest.LoginPage">
    <ignored/>
  </testcase> <!-- TC02 -->
  <testcase name="TC13" time="0.0" classname="myFirstTest.LoginPage">
    <ignored/>
  </testcase> <!-- TC13 -->
  <testcase name="TC25" time="0.0" classname="myFirstTest.LoginPage">
    <ignored/>
  </testcase> <!-- TC25 -->
  <testcase name="TC03" time="0.0" classname="myFirstTest.LoginPage">
    <ignored/>
  </testcase> <!-- TC03 -->
  <testcase name="TC22" time="0.0" classname="myFirstTest.LoginPage">
    <ignored/>
  </testcase> <!-- TC22 -->
  <testcase name="TC11" time="0.0" classname="myFirstTest.LoginPage">
    <ignored/>
  </testcase> <!-- TC11 -->
  <testcase name="TC12" time="0.0" classname="myFirstTest.LoginPage">
    <ignored/>
  </testcase> <!-- TC12 -->
  <testcase name="TC19" time="0.0" classname="myFirstTest.LoginPage">
    <ignored/>
  </testcase> <!-- TC19 -->
  <testcase name="TC08" time="0.0" classname="myFirstTest.LoginPage">
    <ignored/>
  </testcase> <!-- TC08 -->
  <testcase name="TC09" time="0.0" classname="myFirstTest.LoginPage">
    <ignored/>
  </testcase> <!-- TC09 -->
  <testcase name="TC20" time="0.0" classname="myFirstTest.LoginPage">
    <ignored/>
  </testcase> <!-- TC20 -->
  <testcase name="TC21" time="0.0" classname="myFirstTest.LoginPage">
    <ignored/>
  </testcase> <!-- TC21 -->
  <testcase name="TC10" time="0.0" classname="myFirstTest.LoginPage">
    <ignored/>
  </testcase> <!-- TC10 -->
</testsuite> <!-- Test -->
